<?xml version="1.0" encoding="UTF-8"?>
<testsuite name="ro.utcn.wasteless.WastelessApplicationTests" tests="1" skipped="0" failures="0" errors="0" timestamp="2020-05-09T22:32:49" hostname="Andreis-MacBook-Pro.local" time="0.104">
  <properties/>
  <testcase name="contextLoads()" classname="ro.utcn.wasteless.WastelessApplicationTests" time="0.104"/>
  <system-out><![CDATA[01:32:33.832 [Test worker] DEBUG org.springframework.test.context.BootstrapUtils - Instantiating CacheAwareContextLoaderDelegate from class [org.springframework.test.context.cache.DefaultCacheAwareContextLoaderDelegate]
01:32:33.846 [Test worker] DEBUG org.springframework.test.context.BootstrapUtils - Instantiating BootstrapContext using constructor [public org.springframework.test.context.support.DefaultBootstrapContext(java.lang.Class,org.springframework.test.context.CacheAwareContextLoaderDelegate)]
01:32:33.874 [Test worker] DEBUG org.springframework.test.context.BootstrapUtils - Instantiating TestContextBootstrapper for test class [ro.utcn.wasteless.WastelessApplicationTests] from class [org.springframework.boot.test.context.SpringBootTestContextBootstrapper]
01:32:33.893 [Test worker] INFO org.springframework.boot.test.context.SpringBootTestContextBootstrapper - Neither @ContextConfiguration nor @ContextHierarchy found for test class [ro.utcn.wasteless.WastelessApplicationTests], using SpringBootContextLoader
01:32:33.896 [Test worker] DEBUG org.springframework.test.context.support.AbstractContextLoader - Did not detect default resource location for test class [ro.utcn.wasteless.WastelessApplicationTests]: class path resource [ro/utcn/wasteless/WastelessApplicationTests-context.xml] does not exist
01:32:33.897 [Test worker] DEBUG org.springframework.test.context.support.AbstractContextLoader - Did not detect default resource location for test class [ro.utcn.wasteless.WastelessApplicationTests]: class path resource [ro/utcn/wasteless/WastelessApplicationTestsContext.groovy] does not exist
01:32:33.897 [Test worker] INFO org.springframework.test.context.support.AbstractContextLoader - Could not detect default resource locations for test class [ro.utcn.wasteless.WastelessApplicationTests]: no resource found for suffixes {-context.xml, Context.groovy}.
01:32:33.898 [Test worker] INFO org.springframework.test.context.support.AnnotationConfigContextLoaderUtils - Could not detect default configuration classes for test class [ro.utcn.wasteless.WastelessApplicationTests]: WastelessApplicationTests does not declare any static, non-private, non-final, nested classes annotated with @Configuration.
01:32:33.942 [Test worker] DEBUG org.springframework.test.context.support.ActiveProfilesUtils - Could not find an 'annotation declaring class' for annotation type [org.springframework.test.context.ActiveProfiles] and class [ro.utcn.wasteless.WastelessApplicationTests]
01:32:34.007 [Test worker] DEBUG org.springframework.context.annotation.ClassPathScanningCandidateComponentProvider - Identified candidate component class: file [/Users/macbookpro/Desktop/A2/backend-wasteless-joi/build/classes/java/main/ro/utcn/wasteless/WastelessApplication.class]
01:32:34.008 [Test worker] INFO org.springframework.boot.test.context.SpringBootTestContextBootstrapper - Found @SpringBootConfiguration ro.utcn.wasteless.WastelessApplication for test class ro.utcn.wasteless.WastelessApplicationTests
01:32:34.132 [Test worker] DEBUG org.springframework.boot.test.context.SpringBootTestContextBootstrapper - @TestExecutionListeners is not present for class [ro.utcn.wasteless.WastelessApplicationTests]: using defaults.
01:32:34.133 [Test worker] INFO org.springframework.boot.test.context.SpringBootTestContextBootstrapper - Loaded default TestExecutionListener class names from location [META-INF/spring.factories]: [org.springframework.boot.test.autoconfigure.restdocs.RestDocsTestExecutionListener, org.springframework.boot.test.autoconfigure.web.client.MockRestServiceServerResetTestExecutionListener, org.springframework.boot.test.autoconfigure.web.servlet.MockMvcPrintOnlyOnFailureTestExecutionListener, org.springframework.boot.test.autoconfigure.web.servlet.WebDriverTestExecutionListener, org.springframework.boot.test.mock.mockito.MockitoTestExecutionListener, org.springframework.boot.test.mock.mockito.ResetMocksTestExecutionListener, org.springframework.test.context.web.ServletTestExecutionListener, org.springframework.test.context.support.DirtiesContextBeforeModesTestExecutionListener, org.springframework.test.context.support.DependencyInjectionTestExecutionListener, org.springframework.test.context.support.DirtiesContextTestExecutionListener, org.springframework.test.context.transaction.TransactionalTestExecutionListener, org.springframework.test.context.jdbc.SqlScriptsTestExecutionListener, org.springframework.test.context.event.EventPublishingTestExecutionListener]
01:32:34.151 [Test worker] INFO org.springframework.boot.test.context.SpringBootTestContextBootstrapper - Using TestExecutionListeners: [org.springframework.test.context.web.ServletTestExecutionListener@346b750e, org.springframework.test.context.support.DirtiesContextBeforeModesTestExecutionListener@75523169, org.springframework.boot.test.mock.mockito.MockitoTestExecutionListener@27e5c7a8, org.springframework.boot.test.autoconfigure.SpringBootDependencyInjectionTestExecutionListener@55e6ac01, org.springframework.test.context.support.DirtiesContextTestExecutionListener@3a4a70b6, org.springframework.test.context.transaction.TransactionalTestExecutionListener@5ef7c7ef, org.springframework.test.context.jdbc.SqlScriptsTestExecutionListener@57a6831e, org.springframework.test.context.event.EventPublishingTestExecutionListener@37c0ab4f, org.springframework.boot.test.autoconfigure.restdocs.RestDocsTestExecutionListener@5ee6b2c1, org.springframework.boot.test.autoconfigure.web.client.MockRestServiceServerResetTestExecutionListener@3e4ece4d, org.springframework.boot.test.autoconfigure.web.servlet.MockMvcPrintOnlyOnFailureTestExecutionListener@5d9304e9, org.springframework.boot.test.autoconfigure.web.servlet.WebDriverTestExecutionListener@6fbb46c7, org.springframework.boot.test.mock.mockito.ResetMocksTestExecutionListener@4a0914b]
01:32:34.154 [Test worker] DEBUG org.springframework.test.context.support.AbstractDirtiesContextTestExecutionListener - Before test class: context [DefaultTestContext@78c65513 testClass = WastelessApplicationTests, testInstance = [null], testMethod = [null], testException = [null], mergedContextConfiguration = [WebMergedContextConfiguration@a137a0f testClass = WastelessApplicationTests, locations = '{}', classes = '{class ro.utcn.wasteless.WastelessApplication}', contextInitializerClasses = '[]', activeProfiles = '{}', propertySourceLocations = '{}', propertySourceProperties = '{org.springframework.boot.test.context.SpringBootTestContextBootstrapper=true}', contextCustomizers = set[org.springframework.boot.test.autoconfigure.properties.PropertyMappingContextCustomizer@0, org.springframework.boot.test.autoconfigure.web.servlet.WebDriverContextCustomizerFactory$Customizer@998d8c6, org.springframework.boot.test.context.filter.ExcludeFilterContextCustomizer@167ceba3, org.springframework.boot.test.json.DuplicateJsonObjectContextCustomizerFactory$DuplicateJsonObjectContextCustomizer@53bcd6c8, org.springframework.boot.test.mock.mockito.MockitoContextCustomizer@0, org.springframework.boot.test.web.client.TestRestTemplateContextCustomizer@7b1f34c8], resourceBasePath = 'src/main/webapp', contextLoader = 'org.springframework.boot.test.context.SpringBootContextLoader', parent = [null]], attributes = map['org.springframework.test.context.web.ServletTestExecutionListener.activateListener' -> true]], class annotated with @DirtiesContext [false] with mode [null].
01:32:34.184 [Test worker] DEBUG org.springframework.test.context.support.TestPropertySourceUtils - Adding inlined properties to environment: {spring.jmx.enabled=false, org.springframework.boot.test.context.SpringBootTestContextBootstrapper=true, server.port=-1}

  .   ____          _            __ _ _
 /\\ / ___'_ __ _ _(_)_ __  __ _ \ \ \ \
( ( )\___ | '_ | '_| | '_ \/ _` | \ \ \ \
 \\/  ___)| |_)| | | | | || (_| |  ) ) ) )
  '  |____| .__|_| |_|_| |_\__, | / / / /
 =========|_|==============|___/=/_/_/_/
 :: Spring Boot ::        (v2.2.6.RELEASE)

2020-05-10 01:32:34.652  INFO 7312 --- [    Test worker] r.u.wasteless.WastelessApplicationTests  : Starting WastelessApplicationTests on Andreis-MacBook-Pro.local with PID 7312 (started by macbookpro in /Users/macbookpro/Desktop/A2/backend-wasteless-joi)
2020-05-10 01:32:34.654  INFO 7312 --- [    Test worker] r.u.wasteless.WastelessApplicationTests  : No active profile set, falling back to default profiles: default
2020-05-10 01:32:35.294  INFO 7312 --- [    Test worker] .s.d.r.c.RepositoryConfigurationDelegate : Bootstrapping Spring Data JPA repositories in DEFAULT mode.
2020-05-10 01:32:35.385  INFO 7312 --- [    Test worker] .s.d.r.c.RepositoryConfigurationDelegate : Finished Spring Data repository scanning in 70ms. Found 3 JPA repository interfaces.
2020-05-10 01:32:35.918  INFO 7312 --- [    Test worker] com.zaxxer.hikari.HikariDataSource       : HikariPool-1 - Starting...
2020-05-10 01:32:36.878  INFO 7312 --- [    Test worker] com.zaxxer.hikari.HikariDataSource       : HikariPool-1 - Start completed.
2020-05-10 01:32:36.981  INFO 7312 --- [    Test worker] o.hibernate.jpa.internal.util.LogHelper  : HHH000204: Processing PersistenceUnitInfo [name: default]
2020-05-10 01:32:37.084  INFO 7312 --- [    Test worker] org.hibernate.Version                    : HHH000412: Hibernate ORM core version 5.4.12.Final
2020-05-10 01:32:37.272  INFO 7312 --- [    Test worker] o.hibernate.annotations.common.Version   : HCANN000001: Hibernate Commons Annotations {5.1.0.Final}
2020-05-10 01:32:37.459  INFO 7312 --- [    Test worker] org.hibernate.dialect.Dialect            : HHH000400: Using dialect: org.hibernate.dialect.MySQLDialect
2020-05-10 01:32:48.226  INFO 7312 --- [    Test worker] o.h.e.t.j.p.i.JtaPlatformInitiator       : HHH000490: Using JtaPlatform implementation: [org.hibernate.engine.transaction.jta.platform.internal.NoJtaPlatform]
2020-05-10 01:32:48.238  INFO 7312 --- [    Test worker] j.LocalContainerEntityManagerFactoryBean : Initialized JPA EntityManagerFactory for persistence unit 'default'
2020-05-10 01:32:48.678  INFO 7312 --- [    Test worker] o.s.s.concurrent.ThreadPoolTaskExecutor  : Initializing ExecutorService 'clientInboundChannelExecutor'
2020-05-10 01:32:48.690  INFO 7312 --- [    Test worker] o.s.s.concurrent.ThreadPoolTaskExecutor  : Initializing ExecutorService 'clientOutboundChannelExecutor'
Creating observer
Nr of observers : 1
2020-05-10 01:32:48.866  WARN 7312 --- [    Test worker] JpaBaseConfiguration$JpaWebConfiguration : spring.jpa.open-in-view is enabled by default. Therefore, database queries may be performed during view rendering. Explicitly configure spring.jpa.open-in-view to disable this warning
2020-05-10 01:32:49.139  INFO 7312 --- [    Test worker] o.s.s.c.ThreadPoolTaskScheduler          : Initializing ExecutorService 'messageBrokerTaskScheduler'
2020-05-10 01:32:49.182  INFO 7312 --- [    Test worker] o.s.s.concurrent.ThreadPoolTaskExecutor  : Initializing ExecutorService 'brokerChannelExecutor'
2020-05-10 01:32:49.510  INFO 7312 --- [    Test worker] o.s.m.s.b.SimpleBrokerMessageHandler     : Starting...
2020-05-10 01:32:49.510  INFO 7312 --- [    Test worker] o.s.m.s.b.SimpleBrokerMessageHandler     : BrokerAvailabilityEvent[available=true, SimpleBrokerMessageHandler [DefaultSubscriptionRegistry[cache[0 destination(s)], registry[0 sessions]]]]
2020-05-10 01:32:49.511  INFO 7312 --- [    Test worker] o.s.m.s.b.SimpleBrokerMessageHandler     : Started.
2020-05-10 01:32:49.517  INFO 7312 --- [    Test worker] r.u.wasteless.WastelessApplicationTests  : Started WastelessApplicationTests in 15.321 seconds (JVM running for 16.547)
]]></system-out>
  <system-err><![CDATA[]]></system-err>
</testsuite>
